# JRE version: Java(TM) SE Runtime Environment (8.0_161-b12) (build 1.8.0_161-b12)
# Java VM: Java HotSpot(TM) 64-Bit Server VM (25.161-b12 mixed mode windows-amd64 compressed oops)
Heap:
 PSYoungGen      total 225280K, used 199546K [0x00000000eab00000, 0x0000000100000000, 0x0000000100000000)
  eden space 116736K, 93% used [0x00000000eab00000,0x00000000f1611b70,0x00000000f1d00000)
  from space 108544K, 82% used [0x00000000f9600000,0x00000000fedccdf0,0x0000000100000000)
  to   space 116224K, 0% used [0x00000000f1d00000,0x00000000f1d00000,0x00000000f8e80000)
 ParOldGen       total 216064K, used 136886K [0x00000000c0000000, 0x00000000cd300000, 0x00000000eab00000)
  object space 216064K, 63% used [0x00000000c0000000,0x00000000c85ad950,0x00000000cd300000)
 Metaspace       used 67857K, capacity 70209K, committed 70448K, reserved 1110016K
  class space    used 8887K, capacity 9255K, committed 9264K, reserved 1048576K
GC Heap History (10 events):
Event: 1007.034 GC heap before
{Heap before GC invocations=34 (full 4):
 PSYoungGen      total 275968K, used 254568K [0x00000000eab00000, 0x0000000100000000, 0x0000000100000000)
  eden space 205824K, 100% used [0x00000000eab00000,0x00000000f7400000,0x00000000f7400000)
  from space 70144K, 69% used [0x00000000f7400000,0x00000000fa39a130,0x00000000fb880000)
  to   space 72704K, 0% used [0x00000000fb900000,0x00000000fb900000,0x0000000100000000)
 ParOldGen       total 216064K, used 136854K [0x00000000c0000000, 0x00000000cd300000, 0x00000000eab00000)
  object space 216064K, 63% used [0x00000000c0000000,0x00000000c85a5950,0x00000000cd300000)
 Metaspace       used 66383K, capacity 67945K, committed 68144K, reserved 1107968K
  class space    used 8725K, capacity 8955K, committed 9008K, reserved 1048576K
Event: 1007.173 GC heap after
Heap after GC invocations=34 (full 4):
 PSYoungGen      total 260096K, used 65412K [0x00000000eab00000, 0x0000000100000000, 0x0000000100000000)
  eden space 187392K, 0% used [0x00000000eab00000,0x00000000eab00000,0x00000000f6200000)
  from space 72704K, 89% used [0x00000000fb900000,0x00000000ff8e1100,0x0000000100000000)
  to   space 80896K, 0% used [0x00000000f6200000,0x00000000f6200000,0x00000000fb100000)
 ParOldGen       total 216064K, used 136854K [0x00000000c0000000, 0x00000000cd300000, 0x00000000eab00000)
  object space 216064K, 63% used [0x00000000c0000000,0x00000000c85a5950,0x00000000cd300000)
 Metaspace       used 66383K, capacity 67945K, committed 68144K, reserved 1107968K
  class space    used 8725K, capacity 8955K, committed 9008K, reserved 1048576K
}
Event: 1090.010 GC heap before
{Heap before GC invocations=35 (full 4):
 PSYoungGen      total 260096K, used 252804K [0x00000000eab00000, 0x0000000100000000, 0x0000000100000000)
  eden space 187392K, 100% used [0x00000000eab00000,0x00000000f6200000,0x00000000f6200000)
  from space 72704K, 89% used [0x00000000fb900000,0x00000000ff8e1100,0x0000000100000000)
  to   space 80896K, 0% used [0x00000000f6200000,0x00000000f6200000,0x00000000fb100000)
 ParOldGen       total 216064K, used 136854K [0x00000000c0000000, 0x00000000cd300000, 0x00000000eab00000)
  object space 216064K, 63% used [0x00000000c0000000,0x00000000c85a5950,0x00000000cd300000)
 Metaspace       used 66535K, capacity 68185K, committed 68400K, reserved 1107968K
  class space    used 8737K, capacity 9001K, committed 9008K, reserved 1048576K
Event: 1090.178 GC heap after
Heap after GC invocations=35 (full 4):
 PSYoungGen      total 261632K, used 74191K [0x00000000eab00000, 0x0000000100000000, 0x0000000100000000)
  eden space 187392K, 0% used [0x00000000eab00000,0x00000000eab00000,0x00000000f6200000)
  from space 74240K, 99% used [0x00000000f6200000,0x00000000faa73f70,0x00000000faa80000)
  to   space 87552K, 0% used [0x00000000faa80000,0x00000000faa80000,0x0000000100000000)
 ParOldGen       total 216064K, used 136862K [0x00000000c0000000, 0x00000000cd300000, 0x00000000eab00000)
  object space 216064K, 63% used [0x00000000c0000000,0x00000000c85a7950,0x00000000cd300000)
 Metaspace       used 66535K, capacity 68185K, committed 68400K, reserved 1107968K
  class space    used 8737K, capacity 9001K, committed 9008K, reserved 1048576K
}
Event: 1218.553 GC heap before
{Heap before GC invocations=36 (full 4):
 PSYoungGen      total 261632K, used 261583K [0x00000000eab00000, 0x0000000100000000, 0x0000000100000000)
  eden space 187392K, 100% used [0x00000000eab00000,0x00000000f6200000,0x00000000f6200000)
  from space 74240K, 99% used [0x00000000f6200000,0x00000000faa73f70,0x00000000faa80000)
  to   space 87552K, 0% used [0x00000000faa80000,0x00000000faa80000,0x0000000100000000)
 ParOldGen       total 216064K, used 136862K [0x00000000c0000000, 0x00000000cd300000, 0x00000000eab00000)
  object space 216064K, 63% used [0x00000000c0000000,0x00000000c85a7950,0x00000000cd300000)
 Metaspace       used 66673K, capacity 68383K, committed 68528K, reserved 1107968K
  class space    used 8747K, capacity 9012K, committed 9136K, reserved 1048576K
Event: 1218.692 GC heap after
Heap after GC invocations=36 (full 4):
 PSYoungGen      total 235008K, used 80986K [0x00000000eab00000, 0x0000000100000000, 0x0000000100000000)
  eden space 147456K, 0% used [0x00000000eab00000,0x00000000eab00000,0x00000000f3b00000)
  from space 87552K, 92% used [0x00000000faa80000,0x00000000ff996a80,0x0000000100000000)
  to   space 100864K, 0% used [0x00000000f3b00000,0x00000000f3b00000,0x00000000f9d80000)
 ParOldGen       total 216064K, used 136870K [0x00000000c0000000, 0x00000000cd300000, 0x00000000eab00000)
  object space 216064K, 63% used [0x00000000c0000000,0x00000000c85a9950,0x00000000cd300000)
 Metaspace       used 66673K, capacity 68383K, committed 68528K, reserved 1107968K
  class space    used 8747K, capacity 9012K, committed 9136K, reserved 1048576K
}
Event: 1333.465 GC heap before
{Heap before GC invocations=37 (full 4):
 PSYoungGen      total 235008K, used 228195K [0x00000000eab00000, 0x0000000100000000, 0x0000000100000000)
  eden space 147456K, 99% used [0x00000000eab00000,0x00000000f3ac23d0,0x00000000f3b00000)
  from space 87552K, 92% used [0x00000000faa80000,0x00000000ff996a80,0x0000000100000000)
  to   space 100864K, 0% used [0x00000000f3b00000,0x00000000f3b00000,0x00000000f9d80000)
 ParOldGen       total 216064K, used 136870K [0x00000000c0000000, 0x00000000cd300000, 0x00000000eab00000)
  object space 216064K, 63% used [0x00000000c0000000,0x00000000c85a9950,0x00000000cd300000)
 Metaspace       used 67690K, capacity 69977K, committed 70192K, reserved 1110016K
  class space    used 8880K, capacity 9247K, committed 9264K, reserved 1048576K
Event: 1333.549 GC heap after
Heap after GC invocations=37 (full 4):
 PSYoungGen      total 227840K, used 80000K [0x00000000eab00000, 0x0000000100000000, 0x0000000100000000)
  eden space 147456K, 0% used [0x00000000eab00000,0x00000000eab00000,0x00000000f3b00000)
  from space 80384K, 99% used [0x00000000f3b00000,0x00000000f8920278,0x00000000f8980000)
  to   space 108544K, 0% used [0x00000000f9600000,0x00000000f9600000,0x0000000100000000)
 ParOldGen       total 216064K, used 136878K [0x00000000c0000000, 0x00000000cd300000, 0x00000000eab00000)
  object space 216064K, 63% used [0x00000000c0000000,0x00000000c85ab950,0x00000000cd300000)
 Metaspace       used 67690K, capacity 69977K, committed 70192K, reserved 1110016K
  class space    used 8880K, capacity 9247K, committed 9264K, reserved 1048576K
}
Event: 1337.273 GC heap before
{Heap before GC invocations=38 (full 4):
 PSYoungGen      total 227840K, used 227456K [0x00000000eab00000, 0x0000000100000000, 0x0000000100000000)
  eden space 147456K, 100% used [0x00000000eab00000,0x00000000f3b00000,0x00000000f3b00000)
  from space 80384K, 99% used [0x00000000f3b00000,0x00000000f8920278,0x00000000f8980000)
  to   space 108544K, 0% used [0x00000000f9600000,0x00000000f9600000,0x0000000100000000)
 ParOldGen       total 216064K, used 136878K [0x00000000c0000000, 0x00000000cd300000, 0x00000000eab00000)
  object space 216064K, 63% used [0x00000000c0000000,0x00000000c85ab950,0x00000000cd300000)
 Metaspace       used 67782K, capacity 70137K, committed 70192K, reserved 1110016K
  class space    used 8886K, capacity 9255K, committed 9264K, reserved 1048576K
Event: 1337.362 GC heap after
Heap after GC invocations=38 (full 4):
 PSYoungGen      total 225280K, used 89907K [0x00000000eab00000, 0x0000000100000000, 0x0000000100000000)
  eden space 116736K, 0% used [0x00000000eab00000,0x00000000eab00000,0x00000000f1d00000)
  from space 108544K, 82% used [0x00000000f9600000,0x00000000fedccdf0,0x0000000100000000)
  to   space 116224K, 0% used [0x00000000f1d00000,0x00000000f1d00000,0x00000000f8e80000)
 ParOldGen       total 216064K, used 136886K [0x00000000c0000000, 0x00000000cd300000, 0x00000000eab00000)
  object space 216064K, 63% used [0x00000000c0000000,0x00000000c85ad950,0x00000000cd300000)
 Metaspace       used 67782K, capacity 70137K, committed 70192K, reserved 1110016K
  class space    used 8886K, capacity 9255K, committed 9264K, reserved 1048576K
}

